<?xml version="1.0" encoding="UTF-8"?>
<!-- Generated by org.testng.reporters.JUnitReportReporter -->
<testsuite skipped="0" hostname="LAPTOP-IGRCAKGM" name="com.leafBot.testcases.TC_001_CreateLead" tests="2" failures="0" timestamp="10 Aug 2019 11:16:54 GMT" time="47.070" errors="0">
  <testcase name="runLogin" time="24.807" classname="com.leafBot.testcases.TC_001_CreateLead"/>
  <testcase name="runLogin" time="22.263" classname="com.leafBot.testcases.TC_001_CreateLead"/>
</testsuite> <!-- com.leafBot.testcases.TC_001_CreateLead -->
